<?xml version="1.0" encoding="UTF-8"?>
<!-- Generated by org.testng.reporters.JUnitXMLReporter -->
<testsuite ignored="6" hostname="DESKTOP-1CCS179" failures="1" tests="6" name="RegressionTest" time="72.27" errors="0" timestamp="2024-02-26T20:17:15 IST">
  <testcase classname="com.odoo.ap.testlayer.LoginTest" name="validate_user_should_be_log_in_by_entering_invalid_inputs" time="2.331"/>
  <testcase classname="com.odoo.ap.testlayer.LoginTest" name="validate_user_should_be_log_in_entering_all_valid_inputs" time="1.961"/>
  <testcase classname="com.odoo.ap.testlayer.AddressTest" name="addNewAddress" time="9.043"/>
  <testcase classname="com.odoo.ap.testlayer.SignupTest" name="validate_sign_up_entering_all_valid_inputs" time="1.85">
    <failure type="java.lang.AssertionError" message="expected [https://ap-automation.odoo.com/my] but found [https://ap-automation.odoo.com/web/signup]">
      <![CDATA[java.lang.AssertionError: expected [https://ap-automation.odoo.com/my] but found [https://ap-automation.odoo.com/web/signup]
at com.odoo.ap.testlayer.SignupTest.validate_sign_up_entering_all_valid_inputs(SignupTest.java:33)
at java.base/java.util.ArrayList.forEach(ArrayList.java:1511)
... Removed 33 stack frames]]>
    </failure>
  </testcase> <!-- validate_sign_up_entering_all_valid_inputs -->
  <testcase classname="com.odoo.ap.testlayer.SignupTest" name="validate_sign_up_entering_invalid_inputs" time="2.301"/>
  <testcase classname="com.odoo.ap.testlayer.ProductTest" name="buyProductTest" time="20.998"/>
  <testcase classname="com.odoo.ap.testbase.TestBase" name="@AfterTest end" time="0.0">
    <ignored/>
  </testcase> <!-- @AfterTest end -->
  <testcase classname="com.odoo.ap.testbase.TestBase" name="@AfterTest end" time="0.0">
    <ignored/>
  </testcase> <!-- @AfterTest end -->
  <testcase classname="com.odoo.ap.testbase.TestBase" name="@AfterTest end" time="0.0">
    <ignored/>
  </testcase> <!-- @AfterTest end -->
  <testcase classname="com.odoo.ap.testbase.TestBase" name="@BeforeTest start" time="0.0">
    <ignored/>
  </testcase> <!-- @BeforeTest start -->
  <testcase classname="com.odoo.ap.testbase.TestBase" name="@BeforeTest start" time="0.0">
    <ignored/>
  </testcase> <!-- @BeforeTest start -->
  <testcase classname="com.odoo.ap.testbase.TestBase" name="@BeforeTest start" time="0.0">
    <ignored/>
  </testcase> <!-- @BeforeTest start -->
</testsuite> <!-- RegressionTest -->
